<?xml version="1.0" encoding="UTF-8"?>
<!-- Generated by org.testng.reporters.JUnitXMLReporter -->
<testsuite ignored="0" hostname="NBSG0433B2-TP" failures="0" tests="4" name="Free CRM App Test Cases" time="29.998" errors="0" timestamp="2022-05-12T15:27:50 EDT">
  <testcase classname="com.crm.qa.testcases.LoginPageTest" name="loginPageTitleTest" time="0.089"/>
  <testcase classname="com.crm.qa.testcases.LoginPageTest" name="crmLogoImageTest" time="1.056"/>
  <testcase classname="com.crm.qa.testcases.LoginPageTest" name="loginTest" time="5.493"/>
  <testcase classname="com.crm.qa.testcases.HomePageTest" name="TestingTest" time="0.003"/>
</testsuite> <!-- Free CRM App Test Cases -->
