<?xml version="1.0" encoding="UTF-8"?>
<testng-results ignored="0" total="4" passed="4" failed="0" skipped="0">
  <reporter-output>
  </reporter-output>
  <suite started-at="2022-05-12T15:27:19 EDT" name="FREE CRM Application Test Automation Test Suite" finished-at="2022-05-12T15:27:49 EDT" duration-ms="29998">
    <groups>
    </groups>
    <test started-at="2022-05-12T15:27:19 EDT" name="Free CRM App Test Cases" finished-at="2022-05-12T15:27:49 EDT" duration-ms="29998">
      <class name="com.crm.qa.testcases.HomePageTest">
        <test-method signature="TestingTest()[pri:1, instance:com.crm.qa.testcases.HomePageTest@43dac38f]" started-at="2022-05-12T15:27:49 EDT" name="TestingTest" finished-at="2022-05-12T15:27:49 EDT" duration-ms="3" status="PASS">
          <reporter-output>
          </reporter-output>
        </test-method> <!-- TestingTest -->
      </class> <!-- com.crm.qa.testcases.HomePageTest -->
      <class name="com.crm.qa.testcases.LoginPageTest">
        <test-method is-config="true" signature="setUp()[pri:0, instance:com.crm.qa.testcases.LoginPageTest@78123e82]" started-at="2022-05-12T15:27:20 EDT" name="setUp" finished-at="2022-05-12T15:27:28 EDT" duration-ms="8362" status="PASS">
          <reporter-output>
          </reporter-output>
        </test-method> <!-- setUp -->
        <test-method signature="loginPageTitleTest()[pri:1, instance:com.crm.qa.testcases.LoginPageTest@78123e82]" started-at="2022-05-12T15:27:28 EDT" name="loginPageTitleTest" finished-at="2022-05-12T15:27:28 EDT" duration-ms="89" status="PASS">
          <reporter-output>
          </reporter-output>
        </test-method> <!-- loginPageTitleTest -->
        <test-method is-config="true" signature="tearDown()[pri:0, instance:com.crm.qa.testcases.LoginPageTest@78123e82]" started-at="2022-05-12T15:27:28 EDT" name="tearDown" finished-at="2022-05-12T15:27:29 EDT" duration-ms="712" status="PASS">
          <reporter-output>
          </reporter-output>
        </test-method> <!-- tearDown -->
        <test-method is-config="true" signature="setUp()[pri:0, instance:com.crm.qa.testcases.LoginPageTest@78123e82]" started-at="2022-05-12T15:27:29 EDT" name="setUp" finished-at="2022-05-12T15:27:35 EDT" duration-ms="6247" status="PASS">
          <reporter-output>
          </reporter-output>
        </test-method> <!-- setUp -->
        <test-method signature="crmLogoImageTest()[pri:2, instance:com.crm.qa.testcases.LoginPageTest@78123e82]" started-at="2022-05-12T15:27:35 EDT" name="crmLogoImageTest" finished-at="2022-05-12T15:27:36 EDT" duration-ms="1056" status="PASS">
          <reporter-output>
          </reporter-output>
        </test-method> <!-- crmLogoImageTest -->
        <test-method is-config="true" signature="tearDown()[pri:0, instance:com.crm.qa.testcases.LoginPageTest@78123e82]" started-at="2022-05-12T15:27:36 EDT" name="tearDown" finished-at="2022-05-12T15:27:37 EDT" duration-ms="818" status="PASS">
          <reporter-output>
          </reporter-output>
        </test-method> <!-- tearDown -->
        <test-method is-config="true" signature="setUp()[pri:0, instance:com.crm.qa.testcases.LoginPageTest@78123e82]" started-at="2022-05-12T15:27:37 EDT" name="setUp" finished-at="2022-05-12T15:27:43 EDT" duration-ms="6387" status="PASS">
          <reporter-output>
          </reporter-output>
        </test-method> <!-- setUp -->
        <test-method signature="loginTest()[pri:3, instance:com.crm.qa.testcases.LoginPageTest@78123e82]" started-at="2022-05-12T15:27:43 EDT" name="loginTest" finished-at="2022-05-12T15:27:49 EDT" duration-ms="5493" status="PASS">
          <reporter-output>
          </reporter-output>
        </test-method> <!-- loginTest -->
        <test-method is-config="true" signature="tearDown()[pri:0, instance:com.crm.qa.testcases.LoginPageTest@78123e82]" started-at="2022-05-12T15:27:49 EDT" name="tearDown" finished-at="2022-05-12T15:27:49 EDT" duration-ms="741" status="PASS">
          <reporter-output>
          </reporter-output>
        </test-method> <!-- tearDown -->
      </class> <!-- com.crm.qa.testcases.LoginPageTest -->
    </test> <!-- Free CRM App Test Cases -->
  </suite> <!-- FREE CRM Application Test Automation Test Suite -->
</testng-results>
